\BOOKMARK [1][-]{section.1}{Introduction}{}% 1
\BOOKMARK [1][-]{section.2}{Calibrated Data Augmentation}{}% 2
\BOOKMARK [2][-]{subsection.2.1}{Initial Example: Probit with Intercept Only}{section.2}% 3
\BOOKMARK [1][-]{section.3}{Specific Algorithms}{}% 4
\BOOKMARK [2][-]{subsection.3.1}{Probit Regression}{section.3}% 5
\BOOKMARK [2][-]{subsection.3.2}{Logistic Regression}{section.3}% 6
\BOOKMARK [1][-]{section.4}{Automatic Tuning of Calibration Parameters}{}% 7
\BOOKMARK [1][-]{section.5}{Geometric convergence rates for CDA-MH and CDA-Gibbs}{}% 8
\BOOKMARK [1][-]{section.6}{Simulation Study}{}% 9
\BOOKMARK [2][-]{subsection.6.1}{Comparison with Downsampling Algorithm}{section.6}% 10
\BOOKMARK [2][-]{subsection.6.2}{Comparison with Independence Metropolis-Hastings}{section.6}% 11
\BOOKMARK [1][-]{section.7}{Data Applications}{}% 12
\BOOKMARK [2][-]{subsection.7.1}{Bernoulli Latent Factor Model with Group Intercepts for Network Modeling}{section.7}% 13
\BOOKMARK [2][-]{subsection.7.2}{Poisson Log-Normal Model for Web Traffic Prediction}{section.7}% 14
\BOOKMARK [1][-]{section.8}{Discussion}{}% 15
\BOOKMARK [1][-]{section.1}{Proof of Remark 1}{}% 16
\BOOKMARK [1][-]{section.2}{Proof of Remark 2}{}% 17
\BOOKMARK [1][-]{section.3}{Toy example: Hierarchical Normal }{}% 18
\BOOKMARK [1][-]{section.4}{Calibrated Polya-Gamma Algorithm with Sub-sampling}{}% 19
\BOOKMARK [1][-]{section.5}{Proof of Theorem 1}{}% 20
