\BOOKMARK [1][-]{section.1}{Introduction}{}% 1
\BOOKMARK [2][-]{subsection.3}{Related Works}{section.1}% 2
\BOOKMARK [2][-]{subsection.4}{Notation}{section.1}% 3
\BOOKMARK [2][-]{subsection.5}{Paper Organization}{section.1}% 4
\BOOKMARK [1][-]{section.6}{Semiparametric Exponential Family Graphical Models}{}% 5
\BOOKMARK [2][-]{subsection.11}{Examples}{section.6}% 6
\BOOKMARK [1][-]{section.12}{Graph Estimation and Uncertainty Assessment}{}% 7
\BOOKMARK [2][-]{subsection.13}{A Nuisance-Free Loss Function}{section.12}% 8
\BOOKMARK [2][-]{subsection.16}{Adaptive Multi-stage Convex Relaxation Algorithm}{section.12}% 9
\BOOKMARK [2][-]{subsection.28}{Graph Inference: Composite Pairwise Score Test}{section.12}% 10
\BOOKMARK [1][-]{section.34}{Theoretical Properties}{}% 11
\BOOKMARK [2][-]{subsection.35}{Theoretical Results for Parameter Estimation}{section.34}% 12
\BOOKMARK [2][-]{subsection.43}{Theoretical Results for Composite Pairwise Score Test}{section.34}% 13
\BOOKMARK [1][-]{section.53}{Numerical Results}{}% 14
\BOOKMARK [2][-]{subsection.54}{Simulation Studies}{section.53}% 15
\BOOKMARK [2][-]{subsection.59}{Real Data Analysis}{section.53}% 16
\BOOKMARK [1][-]{section.62}{Conclusion}{}% 17
\BOOKMARK [1][-]{section.63}{Proof of the Main Results}{}% 18
\BOOKMARK [2][-]{subsection.64}{Proof of Theorem 5}{section.63}% 19
\BOOKMARK [2][-]{subsection.82}{Proof of Theorem 8}{section.63}% 20
\BOOKMARK [1][-]{section.92}{Additional Estimation Results}{}% 21
\BOOKMARK [2][-]{subsection.93}{Verify the Sparse Eigenvalue Condition for Gaussian Graphical Models}{section.92}% 22
\BOOKMARK [2][-]{subsection.104}{Refined Statistical Rates of Parameter Estimation}{section.92}% 23
\BOOKMARK [1][-]{section.111}{Proof of the Auxiliary Results for Estimation}{}% 24
\BOOKMARK [2][-]{subsection.112}{Proof of Lemma 10}{section.111}% 25
\BOOKMARK [2][-]{subsection.118}{Proof of Lemma 11}{section.111}% 26
\BOOKMARK [2][-]{subsection.129}{Proof of Lemma 12}{section.111}% 27
\BOOKMARK [1][-]{section.149}{Proof of Auxiliary Results for Asymptotic Inference}{}% 28
\BOOKMARK [2][-]{subsection.150}{Proof of Lemma 14}{section.149}% 29
\BOOKMARK [2][-]{subsection.155}{Proof of Lemma 13}{section.149}% 30
\BOOKMARK [2][-]{subsection.162}{Proof of Lemma 15}{section.149}% 31
\BOOKMARK [1][-]{section.173}{Proof of Technical Lemmas}{}% 32
\BOOKMARK [2][-]{subsection.174}{Proof of Technical Lemmas in \247C}{section.173}% 33
\BOOKMARK [3][-]{subsubsection.175}{Proof of Lemma 20}{subsection.174}% 34
\BOOKMARK [3][-]{subsubsection.180}{Proof of lemma 21}{subsection.174}% 35
\BOOKMARK [3][-]{subsubsection.185}{Proof of Lemma 22}{subsection.174}% 36
\BOOKMARK [3][-]{subsubsection.188}{Proof of Lemma 23}{subsection.174}% 37
\BOOKMARK [2][-]{subsection.191}{Proof of Technical Lemmas in \247D}{section.173}% 38
\BOOKMARK [3][-]{subsubsection.192}{Proof of lemma 25}{subsection.191}% 39
\BOOKMARK [2][-]{subsection.203}{Proof of Lemma 26}{section.173}% 40
